<?xml version="1.0" encoding="UTF-8" ?>
<testsuite failures="0" time="0.042" errors="1" skipped="0" tests="1" name="MaxTemperatureMapperTest">
  <properties>
    <property name="java.runtime.name" value="Java(TM) SE Runtime Environment"/>
    <property name="sun.boot.library.path" value="/usr/lib/jvm/java-6-sun-1.6.0.26/jre/lib/i386"/>
    <property name="java.vm.version" value="20.1-b02"/>
    <property name="java.vm.vendor" value="Sun Microsystems Inc."/>
    <property name="java.vendor.url" value="http://java.sun.com/"/>
    <property name="path.separator" value=":"/>
    <property name="java.vm.name" value="Java HotSpot(TM) Client VM"/>
    <property name="file.encoding.pkg" value="sun.io"/>
    <property name="user.country" value="US"/>
    <property name="sun.java.launcher" value="SUN_STANDARD"/>
    <property name="sun.os.patch.level" value="unknown"/>
    <property name="java.vm.specification.name" value="Java Virtual Machine Specification"/>
    <property name="user.dir" value="/home/simonov/CODEDOJO/sandbox/my-app"/>
    <property name="java.runtime.version" value="1.6.0_26-b03"/>
    <property name="java.awt.graphicsenv" value="sun.awt.X11GraphicsEnvironment"/>
    <property name="basedir" value="/home/simonov/CODEDOJO/sandbox/my-app"/>
    <property name="java.endorsed.dirs" value="/usr/lib/jvm/java-6-sun-1.6.0.26/jre/lib/endorsed"/>
    <property name="os.arch" value="i386"/>
    <property name="surefire.real.class.path" value="/tmp/surefirebooter1455564521088194952.jar"/>
    <property name="java.io.tmpdir" value="/tmp"/>
    <property name="line.separator" value="
"/>
    <property name="java.vm.specification.vendor" value="Sun Microsystems Inc."/>
    <property name="os.name" value="Linux"/>
    <property name="sun.jnu.encoding" value="UTF-8"/>
    <property name="java.library.path" value="/usr/lib/jvm/java-6-sun-1.6.0.26/jre/lib/i386/client:/usr/lib/jvm/java-6-sun-1.6.0.26/jre/lib/i386:/usr/lib/jvm/java-6-sun-1.6.0.26/jre/../lib/i386:/usr/share/idea/bin::/usr/java/packages/lib/i386:/lib:/usr/lib"/>
    <property name="surefire.test.class.path" value="/home/simonov/CODEDOJO/sandbox/my-app/target/test-classes:/home/simonov/CODEDOJO/sandbox/my-app/target/classes:/home/simonov/.m2/repository/org/apache/hadoop/hadoop-core/1.0.3/hadoop-core-1.0.3.jar:/home/simonov/.m2/repository/commons-cli/commons-cli/1.2/commons-cli-1.2.jar:/home/simonov/.m2/repository/xmlenc/xmlenc/0.52/xmlenc-0.52.jar:/home/simonov/.m2/repository/commons-httpclient/commons-httpclient/3.0.1/commons-httpclient-3.0.1.jar:/home/simonov/.m2/repository/junit/junit/4.10/junit-4.10.jar:/home/simonov/.m2/repository/commons-logging/commons-logging/1.0.3/commons-logging-1.0.3.jar:/home/simonov/.m2/repository/commons-codec/commons-codec/1.4/commons-codec-1.4.jar:/home/simonov/.m2/repository/org/apache/commons/commons-math/2.1/commons-math-2.1.jar:/home/simonov/.m2/repository/commons-configuration/commons-configuration/1.6/commons-configuration-1.6.jar:/home/simonov/.m2/repository/commons-collections/commons-collections/3.2.1/commons-collections-3.2.1.jar:/home/simonov/.m2/repository/commons-lang/commons-lang/2.4/commons-lang-2.4.jar:/home/simonov/.m2/repository/commons-digester/commons-digester/1.8/commons-digester-1.8.jar:/home/simonov/.m2/repository/commons-beanutils/commons-beanutils/1.7.0/commons-beanutils-1.7.0.jar:/home/simonov/.m2/repository/commons-beanutils/commons-beanutils-core/1.8.0/commons-beanutils-core-1.8.0.jar:/home/simonov/.m2/repository/commons-net/commons-net/1.4.1/commons-net-1.4.1.jar:/home/simonov/.m2/repository/oro/oro/2.0.8/oro-2.0.8.jar:/home/simonov/.m2/repository/org/mortbay/jetty/jetty/6.1.26/jetty-6.1.26.jar:/home/simonov/.m2/repository/org/mortbay/jetty/jetty-util/6.1.26/jetty-util-6.1.26.jar:/home/simonov/.m2/repository/org/mortbay/jetty/servlet-api/2.5-20081211/servlet-api-2.5-20081211.jar:/home/simonov/.m2/repository/tomcat/jasper-runtime/5.5.12/jasper-runtime-5.5.12.jar:/home/simonov/.m2/repository/tomcat/jasper-compiler/5.5.12/jasper-compiler-5.5.12.jar:/home/simonov/.m2/repository/org/mortbay/jetty/jsp-api-2.1/6.1.14/jsp-api-2.1-6.1.14.jar:/home/simonov/.m2/repository/org/mortbay/jetty/servlet-api-2.5/6.1.14/servlet-api-2.5-6.1.14.jar:/home/simonov/.m2/repository/org/mortbay/jetty/jsp-2.1/6.1.14/jsp-2.1-6.1.14.jar:/home/simonov/.m2/repository/org/eclipse/jdt/core/3.1.1/core-3.1.1.jar:/home/simonov/.m2/repository/ant/ant/1.6.5/ant-1.6.5.jar:/home/simonov/.m2/repository/commons-el/commons-el/1.0/commons-el-1.0.jar:/home/simonov/.m2/repository/net/java/dev/jets3t/jets3t/0.7.1/jets3t-0.7.1.jar:/home/simonov/.m2/repository/net/sf/kosmosfs/kfs/0.3/kfs-0.3.jar:/home/simonov/.m2/repository/hsqldb/hsqldb/1.8.0.10/hsqldb-1.8.0.10.jar:/home/simonov/.m2/repository/org/codehaus/jackson/jackson-mapper-asl/1.0.1/jackson-mapper-asl-1.0.1.jar:/home/simonov/.m2/repository/org/codehaus/jackson/jackson-core-asl/1.0.1/jackson-core-asl-1.0.1.jar:/home/simonov/.m2/repository/org/apache/hadoop/hadoop-streaming/1.0.3/hadoop-streaming-1.0.3.jar:/home/simonov/.m2/repository/org/hamcrest/hamcrest-core/1.1/hamcrest-core-1.1.jar:/home/simonov/.m2/repository/org/hamcrest/hamcrest-all/1.1/hamcrest-all-1.1.jar:/home/simonov/CODEDOJO/sandbox/my-app/lib/mrunit-0.8.1-incubating-hadoop100.jar:/home/simonov/.m2/repository/commons-io/commons-io/2.4/commons-io-2.4.jar:/home/simonov/.m2/repository/org/apache/hadoop/hadoop-test/1.0.3/hadoop-test-1.0.3.jar:/home/simonov/.m2/repository/org/apache/ftpserver/ftplet-api/1.0.0/ftplet-api-1.0.0.jar:/home/simonov/.m2/repository/org/apache/mina/mina-core/2.0.0-M5/mina-core-2.0.0-M5.jar:/home/simonov/.m2/repository/org/slf4j/slf4j-api/1.5.2/slf4j-api-1.5.2.jar:/home/simonov/.m2/repository/org/apache/ftpserver/ftpserver-core/1.0.0/ftpserver-core-1.0.0.jar:/home/simonov/.m2/repository/org/apache/ftpserver/ftpserver-deprecated/1.0.0-M2/ftpserver-deprecated-1.0.0-M2.jar:/home/simonov/.m2/repository/com/sun/jersey/jersey-core/1.8/jersey-core-1.8.jar:"/>
    <property name="java.specification.name" value="Java Platform API Specification"/>
    <property name="java.class.version" value="50.0"/>
    <property name="sun.management.compiler" value="HotSpot Client Compiler"/>
    <property name="os.version" value="2.6.38-8-generic"/>
    <property name="user.home" value="/home/simonov"/>
    <property name="user.timezone" value="Europe/Kiev"/>
    <property name="java.awt.printerjob" value="sun.print.PSPrinterJob"/>
    <property name="file.encoding" value="UTF-8"/>
    <property name="java.specification.version" value="1.6"/>
    <property name="user.name" value="simonov"/>
    <property name="java.class.path" value="/home/simonov/CODEDOJO/sandbox/my-app/target/test-classes:/home/simonov/CODEDOJO/sandbox/my-app/target/classes:/home/simonov/.m2/repository/org/apache/hadoop/hadoop-core/1.0.3/hadoop-core-1.0.3.jar:/home/simonov/.m2/repository/commons-cli/commons-cli/1.2/commons-cli-1.2.jar:/home/simonov/.m2/repository/xmlenc/xmlenc/0.52/xmlenc-0.52.jar:/home/simonov/.m2/repository/commons-httpclient/commons-httpclient/3.0.1/commons-httpclient-3.0.1.jar:/home/simonov/.m2/repository/junit/junit/4.10/junit-4.10.jar:/home/simonov/.m2/repository/commons-logging/commons-logging/1.0.3/commons-logging-1.0.3.jar:/home/simonov/.m2/repository/commons-codec/commons-codec/1.4/commons-codec-1.4.jar:/home/simonov/.m2/repository/org/apache/commons/commons-math/2.1/commons-math-2.1.jar:/home/simonov/.m2/repository/commons-configuration/commons-configuration/1.6/commons-configuration-1.6.jar:/home/simonov/.m2/repository/commons-collections/commons-collections/3.2.1/commons-collections-3.2.1.jar:/home/simonov/.m2/repository/commons-lang/commons-lang/2.4/commons-lang-2.4.jar:/home/simonov/.m2/repository/commons-digester/commons-digester/1.8/commons-digester-1.8.jar:/home/simonov/.m2/repository/commons-beanutils/commons-beanutils/1.7.0/commons-beanutils-1.7.0.jar:/home/simonov/.m2/repository/commons-beanutils/commons-beanutils-core/1.8.0/commons-beanutils-core-1.8.0.jar:/home/simonov/.m2/repository/commons-net/commons-net/1.4.1/commons-net-1.4.1.jar:/home/simonov/.m2/repository/oro/oro/2.0.8/oro-2.0.8.jar:/home/simonov/.m2/repository/org/mortbay/jetty/jetty/6.1.26/jetty-6.1.26.jar:/home/simonov/.m2/repository/org/mortbay/jetty/jetty-util/6.1.26/jetty-util-6.1.26.jar:/home/simonov/.m2/repository/org/mortbay/jetty/servlet-api/2.5-20081211/servlet-api-2.5-20081211.jar:/home/simonov/.m2/repository/tomcat/jasper-runtime/5.5.12/jasper-runtime-5.5.12.jar:/home/simonov/.m2/repository/tomcat/jasper-compiler/5.5.12/jasper-compiler-5.5.12.jar:/home/simonov/.m2/repository/org/mortbay/jetty/jsp-api-2.1/6.1.14/jsp-api-2.1-6.1.14.jar:/home/simonov/.m2/repository/org/mortbay/jetty/servlet-api-2.5/6.1.14/servlet-api-2.5-6.1.14.jar:/home/simonov/.m2/repository/org/mortbay/jetty/jsp-2.1/6.1.14/jsp-2.1-6.1.14.jar:/home/simonov/.m2/repository/org/eclipse/jdt/core/3.1.1/core-3.1.1.jar:/home/simonov/.m2/repository/ant/ant/1.6.5/ant-1.6.5.jar:/home/simonov/.m2/repository/commons-el/commons-el/1.0/commons-el-1.0.jar:/home/simonov/.m2/repository/net/java/dev/jets3t/jets3t/0.7.1/jets3t-0.7.1.jar:/home/simonov/.m2/repository/net/sf/kosmosfs/kfs/0.3/kfs-0.3.jar:/home/simonov/.m2/repository/hsqldb/hsqldb/1.8.0.10/hsqldb-1.8.0.10.jar:/home/simonov/.m2/repository/org/codehaus/jackson/jackson-mapper-asl/1.0.1/jackson-mapper-asl-1.0.1.jar:/home/simonov/.m2/repository/org/codehaus/jackson/jackson-core-asl/1.0.1/jackson-core-asl-1.0.1.jar:/home/simonov/.m2/repository/org/apache/hadoop/hadoop-streaming/1.0.3/hadoop-streaming-1.0.3.jar:/home/simonov/.m2/repository/org/hamcrest/hamcrest-core/1.1/hamcrest-core-1.1.jar:/home/simonov/.m2/repository/org/hamcrest/hamcrest-all/1.1/hamcrest-all-1.1.jar:/home/simonov/CODEDOJO/sandbox/my-app/lib/mrunit-0.8.1-incubating-hadoop100.jar:/home/simonov/.m2/repository/commons-io/commons-io/2.4/commons-io-2.4.jar:/home/simonov/.m2/repository/org/apache/hadoop/hadoop-test/1.0.3/hadoop-test-1.0.3.jar:/home/simonov/.m2/repository/org/apache/ftpserver/ftplet-api/1.0.0/ftplet-api-1.0.0.jar:/home/simonov/.m2/repository/org/apache/mina/mina-core/2.0.0-M5/mina-core-2.0.0-M5.jar:/home/simonov/.m2/repository/org/slf4j/slf4j-api/1.5.2/slf4j-api-1.5.2.jar:/home/simonov/.m2/repository/org/apache/ftpserver/ftpserver-core/1.0.0/ftpserver-core-1.0.0.jar:/home/simonov/.m2/repository/org/apache/ftpserver/ftpserver-deprecated/1.0.0-M2/ftpserver-deprecated-1.0.0-M2.jar:/home/simonov/.m2/repository/com/sun/jersey/jersey-core/1.8/jersey-core-1.8.jar:"/>
    <property name="java.vm.specification.version" value="1.0"/>
    <property name="sun.arch.data.model" value="32"/>
    <property name="java.home" value="/usr/lib/jvm/java-6-sun-1.6.0.26/jre"/>
    <property name="sun.java.command" value="/tmp/surefirebooter1455564521088194952.jar /tmp/surefire1632880432337245395tmp /tmp/surefire1323745368946523592tmp"/>
    <property name="java.specification.vendor" value="Sun Microsystems Inc."/>
    <property name="user.language" value="en"/>
    <property name="java.vm.info" value="mixed mode, sharing"/>
    <property name="java.version" value="1.6.0_26"/>
    <property name="java.ext.dirs" value="/usr/lib/jvm/java-6-sun-1.6.0.26/jre/lib/ext:/usr/java/packages/lib/ext"/>
    <property name="sun.boot.class.path" value="/usr/lib/jvm/java-6-sun-1.6.0.26/jre/lib/resources.jar:/usr/lib/jvm/java-6-sun-1.6.0.26/jre/lib/rt.jar:/usr/lib/jvm/java-6-sun-1.6.0.26/jre/lib/sunrsasign.jar:/usr/lib/jvm/java-6-sun-1.6.0.26/jre/lib/jsse.jar:/usr/lib/jvm/java-6-sun-1.6.0.26/jre/lib/jce.jar:/usr/lib/jvm/java-6-sun-1.6.0.26/jre/lib/charsets.jar:/usr/lib/jvm/java-6-sun-1.6.0.26/jre/lib/modules/jdk.boot.jar:/usr/lib/jvm/java-6-sun-1.6.0.26/jre/classes"/>
    <property name="java.vendor" value="Sun Microsystems Inc."/>
    <property name="localRepository" value="/home/simonov/.m2/repository"/>
    <property name="file.separator" value="/"/>
    <property name="java.vendor.url.bug" value="http://java.sun.com/cgi-bin/bugreport.cgi"/>
    <property name="sun.cpu.endian" value="little"/>
    <property name="sun.io.unicode.encoding" value="UnicodeLittle"/>
    <property name="sun.desktop" value="gnome"/>
    <property name="sun.cpu.isalist" value=""/>
  </properties>
  <testcase time="0.04" classname="MaxTemperatureMapperTest" name="processesValidRecord">
    <error message="1 Error(s): (Missing expected output (1950, -11) at position 0.)" type="java.lang.RuntimeException">java.lang.RuntimeException: 1 Error(s): (Missing expected output (1950, -11) at position 0.)
	at org.apache.hadoop.mrunit.TestDriver.validate(TestDriver.java:194)
	at org.apache.hadoop.mrunit.MapDriverBase.runTest(MapDriverBase.java:186)
	at MaxTemperatureMapperTest.processesValidRecord(MaxTemperatureMapperTest.java:17)
	at sun.reflect.NativeMethodAccessorImpl.invoke0(Native Method)
	at sun.reflect.NativeMethodAccessorImpl.invoke(NativeMethodAccessorImpl.java:39)
	at sun.reflect.DelegatingMethodAccessorImpl.invoke(DelegatingMethodAccessorImpl.java:25)
	at java.lang.reflect.Method.invoke(Method.java:597)
	at org.junit.runners.model.FrameworkMethod$1.runReflectiveCall(FrameworkMethod.java:45)
	at org.junit.internal.runners.model.ReflectiveCallable.run(ReflectiveCallable.java:15)
	at org.junit.runners.model.FrameworkMethod.invokeExplosively(FrameworkMethod.java:42)
	at org.junit.internal.runners.statements.InvokeMethod.evaluate(InvokeMethod.java:20)
	at org.junit.runners.ParentRunner.runLeaf(ParentRunner.java:263)
	at org.junit.runners.BlockJUnit4ClassRunner.runChild(BlockJUnit4ClassRunner.java:68)
	at org.junit.runners.BlockJUnit4ClassRunner.runChild(BlockJUnit4ClassRunner.java:47)
	at org.junit.runners.ParentRunner$3.run(ParentRunner.java:231)
	at org.junit.runners.ParentRunner$1.schedule(ParentRunner.java:60)
	at org.junit.runners.ParentRunner.runChildren(ParentRunner.java:229)
	at org.junit.runners.ParentRunner.access$000(ParentRunner.java:50)
	at org.junit.runners.ParentRunner$2.evaluate(ParentRunner.java:222)
	at org.junit.runners.ParentRunner.run(ParentRunner.java:300)
	at org.apache.maven.surefire.junit4.JUnit4TestSet.execute(JUnit4TestSet.java:62)
	at org.apache.maven.surefire.suite.AbstractDirectoryTestSuite.executeTestSet(AbstractDirectoryTestSuite.java:140)
	at org.apache.maven.surefire.suite.AbstractDirectoryTestSuite.execute(AbstractDirectoryTestSuite.java:127)
	at org.apache.maven.surefire.Surefire.run(Surefire.java:177)
	at sun.reflect.NativeMethodAccessorImpl.invoke0(Native Method)
	at sun.reflect.NativeMethodAccessorImpl.invoke(NativeMethodAccessorImpl.java:39)
	at sun.reflect.DelegatingMethodAccessorImpl.invoke(DelegatingMethodAccessorImpl.java:25)
	at java.lang.reflect.Method.invoke(Method.java:597)
	at org.apache.maven.surefire.booter.SurefireBooter.runSuitesInProcess(SurefireBooter.java:345)
	at org.apache.maven.surefire.booter.SurefireBooter.main(SurefireBooter.java:1009)
</error>
    <system-out>0043011990999991950051518004+68750+023550FM-12+038299999V0203201N00261220001CN9999999N9-00111+99999999999
</system-out>
    <system-err>Jul 19, 2012 6:22:42 PM org.apache.hadoop.mrunit.TestDriver validate
SEVERE: Missing expected output (1950, -11) at position 0.
</system-err>
  </testcase>
</testsuite>