<component name="libraryTable">
  <library name="junit_junit_3.8.1">
    <CLASSES>
      <root url="jar:///usr/share/play/repository/cache/junit/junit/jars/junit-3.8.1.jar!/" />
    </CLASSES>
    <JAVADOC />
    <SOURCES />
  </library>
</component>